Virtual User Script started at : 12/13/2018 3:56:07 PM	[MsgId: MMSG-15967]
Starting action vuser_init.	[MsgId: MMSG-15919]
Web Turbo Replay of LoadRunner 12.0.0 for Windows 8; build 2739 (Nov 30 2014 23:13:05)  	[MsgId: MMSG-27143]
Run mode: HTML  	[MsgId: MMSG-26993]
Run-Time Settings file: "c:\users\mrinalika_ghosh\documents\vugen\scripts\sample_proj\default.cfg"  	[MsgId: MMSG-27141]
Starting to download the proxy automatic configuration script, URL="http://pac.zscloud.net/mheducation.com/mhe_zscaler.pac"  	[MsgId: MMSG-27097]
Proxy automatic configuration script (URL="http://pac.zscloud.net/mheducation.com/mhe_zscaler.pac") downloaded and evaluated successfully  	[MsgId: MMSG-27096]
Ending action vuser_init.	[MsgId: MMSG-15918]
Running Vuser...	[MsgId: MMSG-15964]
Starting iteration 1.	[MsgId: MMSG-15968]
Maximum number of concurrent connections per server: 6  	[MsgId: MMSG-26989]
Starting action Action.	[MsgId: MMSG-15919]
Action.c(3): Notify: Transaction "Sample_proj_01_LaunchURL" started.	[MsgId: MMSG-16999]
Action.c(5): web_url("WebTours") started  	[MsgId: MMSG-26355]
Action.c(5): Notify: Parameter Substitution: parameter "pDomain" =  "127.0.0.1:1080"	[MsgId: MMSG-13992]
Action.c(5): Failed to connect to proxy 127.0.0.1:1080 - connect() failed (iErrorCode: [10061] Connection refused). Retrying with next proxy  	[MsgId: MMSG-26000]
Action.c(5): Error -27722: Resolve/connect failed for the following proxies specified in the automatic configuration script: "DIRECT". Requested URL is "http://127.0.0.1:1080/WebTours/".  	[MsgId: MERR-27722]
Action.c(5): web_url("WebTours") highest severity level was "ERROR", 0 body bytes, 0 header bytes  	[MsgId: MMSG-26388]
Action.c(5): Notify: Transaction "Sample_proj_01_LaunchURL" ended with a "Fail" status (Duration: 1.0142).	[MsgId: MMSG-16873]
Action.c(5): Notify: Transaction "Sample_proj_01_LaunchURL" has 1 error message(s).	[MsgId: MMSG-16818]
Action.c(5): Notify: The 1st error message associated with transaction "Sample_proj_01_LaunchURL" is "Error -27722: Resolve/connect failed for the following proxies specified in the automatic configuration script: "DIRECT". Requested URL is "http://127.0.0.1:1080/WebTours/"."	[MsgId: MMSG-16819]
Ending action Action.	[MsgId: MMSG-15918]
Ending iteration 1.	[MsgId: MMSG-15965]
Ending Vuser...	[MsgId: MMSG-15966]
Starting action vuser_end.	[MsgId: MMSG-15919]
Ending action vuser_end.	[MsgId: MMSG-15918]
Vuser Terminated.	[MsgId: MMSG-15963]
Vuser 0 (thread 12016), ended OK."	[MsgId: MMSG-10695]
